2025-05-25 19:45:29,097 - INFO - Загрузка моделей...
2025-05-25 19:45:34,199 - INFO - Модель Demucs загружена
2025-05-25 19:45:38,488 - INFO - Модель Whisper загружена
2025-05-25 19:45:38,990 - INFO - Анализатор настроения загружен
2025-05-25 19:45:38,997 - INFO - Свободно памяти GPU: 3310 MB
2025-05-25 19:45:38,997 - INFO - Загрузка C:\Users\Stan\Desktop\Тест.wav...
2025-05-25 19:45:39,022 - INFO - Разделение дорожек...
2025-05-25 19:45:43,077 - INFO - Применение VAD-фильтра...
2025-05-25 19:45:53,124 - ERROR - Ошибка ресемплинга: cannot reshape tensor of 0 elements into shape [-1, 0] because the unspecified dimension size -1 can be any value and is ambiguous
2025-05-25 19:45:53,124 - ERROR - Ошибка обработки vocal: cannot reshape tensor of 0 elements into shape [-1, 0] because the unspecified dimension size -1 can be any value and is ambiguous
2025-05-25 19:45:53,124 - INFO - Применение VAD-фильтра...
2025-05-25 19:45:54,213 - INFO - Динамическая компрессия...
2025-05-25 19:45:54,214 - ERROR - Ошибка обработки: cannot reshape tensor of 0 elements into shape [-1, 0] because the unspecified dimension size -1 can be any value and is ambiguous
2025-05-25 19:45:54,267 - ERROR - Критическая ошибка: cannot reshape tensor of 0 elements into shape [-1, 0] because the unspecified dimension size -1 can be any value and is ambiguous
2025-05-25 19:48:07,205 - INFO - Загрузка моделей...
2025-05-25 19:48:07,462 - INFO - Модель Demucs загружена
2025-05-25 19:48:11,725 - INFO - Модель Whisper загружена
2025-05-25 19:48:12,210 - INFO - Анализатор настроения загружен
2025-05-25 19:48:12,216 - INFO - Свободно памяти GPU: 3310 MB
2025-05-25 19:48:12,216 - INFO - Загрузка C:\Users\Stan\Desktop\Тест.wav...
2025-05-25 19:48:12,238 - INFO - Разделение дорожек...
2025-05-25 19:48:16,288 - INFO - Применение VAD-фильтра...
2025-05-25 19:48:24,938 - ERROR - Ошибка ресемплинга: Пустой сигнал для ресемплинга
2025-05-25 19:48:24,938 - INFO - Динамическая компрессия...
2025-05-25 19:48:24,938 - INFO - Применение VAD-фильтра...
2025-05-25 19:48:25,996 - INFO - Динамическая компрессия...
2025-05-25 19:48:25,997 - INFO - Финализация трека...
2025-05-25 19:48:26,191 - ERROR - Ошибка финализации: The size of tensor a (0) must match the size of tensor b (2190176) at non-singleton dimension 1
2025-05-25 19:48:26,191 - ERROR - Ошибка обработки: The size of tensor a (0) must match the size of tensor b (2190176) at non-singleton dimension 1
2025-05-25 19:48:26,196 - ERROR - Критическая ошибка: The size of tensor a (0) must match the size of tensor b (2190176) at non-singleton dimension 1
2025-05-25 19:49:16,226 - INFO - Загрузка моделей...
2025-05-25 19:49:16,467 - INFO - Модель Demucs загружена
2025-05-25 19:49:20,790 - INFO - Модель Whisper загружена
2025-05-25 19:49:21,355 - INFO - Анализатор настроения загружен
2025-05-25 19:49:21,362 - INFO - Свободно памяти GPU: 3310 MB
2025-05-25 19:49:21,362 - INFO - Загрузка C:\Users\Stan\Desktop\Тест.wav...
2025-05-25 19:49:21,386 - INFO - Разделение дорожек...
2025-05-25 19:49:25,577 - INFO - Применение VAD-фильтра...
2025-05-25 19:49:35,966 - ERROR - Ошибка ресемплинга: Пустой сигнал для ресемплинга
2025-05-25 19:49:35,966 - INFO - Динамическая компрессия...
2025-05-25 19:49:35,966 - INFO - Применение VAD-фильтра...
2025-05-25 19:49:37,333 - INFO - Динамическая компрессия...
2025-05-25 19:49:37,333 - INFO - Финализация трека...
2025-05-25 19:49:37,522 - ERROR - Ошибка финализации: The size of tensor a (0) must match the size of tensor b (2190466) at non-singleton dimension 1
2025-05-25 19:49:37,522 - ERROR - Ошибка обработки: The size of tensor a (0) must match the size of tensor b (2190466) at non-singleton dimension 1
2025-05-25 19:49:37,530 - ERROR - Критическая ошибка: The size of tensor a (0) must match the size of tensor b (2190466) at non-singleton dimension 1
2025-05-25 19:56:38,090 - INFO - Загрузка моделей...
2025-05-25 19:56:38,331 - INFO - Модель Demucs загружена
2025-05-25 19:56:42,622 - INFO - Модель Whisper загружена
2025-05-25 19:56:43,205 - INFO - Анализатор настроения загружен
2025-05-25 19:56:43,212 - INFO - Свободно памяти GPU: 3310 MB
2025-05-25 19:56:43,235 - INFO - Размерность загруженного аудио: torch.Size([2, 6751872])
2025-05-25 19:56:56,352 - ERROR - Ошибка финализации: The size of tensor a (6751872) must match the size of tensor b (2407573) at non-singleton dimension 1
2025-05-25 19:56:56,352 - ERROR - Ошибка обработки: The size of tensor a (6751872) must match the size of tensor b (2407573) at non-singleton dimension 1
2025-05-25 19:56:56,357 - ERROR - Критическая ошибка: The size of tensor a (6751872) must match the size of tensor b (2407573) at non-singleton dimension 1
2025-05-25 20:00:15,562 - INFO - Загрузка моделей...
2025-05-25 20:00:15,801 - INFO - Модель Demucs загружена
2025-05-25 20:00:20,108 - INFO - Модель Whisper загружена
2025-05-25 20:00:20,647 - INFO - Анализатор настроения загружен
2025-05-25 20:00:20,653 - INFO - Свободно памяти GPU: 3310 MB
2025-05-25 20:00:20,730 - INFO - Исходная размерность: torch.Size([1, 6751872])
2025-05-25 20:00:20,999 - ERROR - Ошибка разделения: Given groups=1, weight of size [48, 2, 8], expected input[1, 1, 343980] to have 2 channels, but got 1 channels instead
2025-05-25 20:00:20,999 - ERROR - Ошибка обработки: Given groups=1, weight of size [48, 2, 8], expected input[1, 1, 343980] to have 2 channels, but got 1 channels instead
2025-05-25 20:00:20,999 - ERROR - Критическая ошибка: Given groups=1, weight of size [48, 2, 8], expected input[1, 1, 343980] to have 2 channels, but got 1 channels instead
2025-05-25 20:06:25,244 - INFO - Загрузка моделей...
2025-05-25 20:06:25,498 - INFO - Модель Demucs загружена
2025-05-25 20:06:29,831 - INFO - Модель Whisper загружена
2025-05-25 20:06:30,481 - INFO - Анализатор настроения загружен
2025-05-25 20:06:30,486 - INFO - Свободно памяти GPU: 3310 MB
2025-05-25 20:06:30,509 - INFO - Исходная размерность: torch.Size([2, 6751872])
